[2018-04-18 06:59:57] development.ERROR: Symfony\Component\Debug\Exception\FatalThrowableError: Parse error: syntax error, unexpected 'description' (T_STRING), expecting function (T_FUNCTION) or const (T_CONST) in /Users/DG/Documents/Etc/NCC/project-website/modules/cms/Classes/CodeParser.php(290) : eval()'d code:4
Stack trace:
#0 /Users/DG/Documents/Etc/NCC/project-website/modules/cms/Classes/CodeParser.php(151): Cms\Classes\CodeParser->validate('<?php \nclass Cm...')
#1 /Users/DG/Documents/Etc/NCC/project-website/modules/cms/Classes/CodeParser.php(111): Cms\Classes\CodeParser->rebuild('/Users/DG/Docum...')
#2 /Users/DG/Documents/Etc/NCC/project-website/modules/cms/Classes/CodeParser.php(169): Cms\Classes\CodeParser->parse()
#3 /Users/DG/Documents/Etc/NCC/project-website/modules/cms/Classes/Controller.php(528): Cms\Classes\CodeParser->source(Object(Cms\Classes\Page), Object(Cms\Classes\Layout), Object(Cms\Classes\Controller))
#4 /Users/DG/Documents/Etc/NCC/project-website/modules/cms/Classes/Controller.php(302): Cms\Classes\Controller->initCustomObjects()
#5 /Users/DG/Documents/Etc/NCC/project-website/modules/cms/Classes/Controller.php(213): Cms\Classes\Controller->runPage(Object(Cms\Classes\Page))
#6 /Users/DG/Documents/Etc/NCC/project-website/modules/cms/Classes/CmsController.php(50): Cms\Classes\Controller->run('/')
#7 [internal function]: Cms\Classes\CmsController->run('/')
#8 /Users/DG/Documents/Etc/NCC/project-website/vendor/laravel/framework/src/Illuminate/Routing/Controller.php(54): call_user_func_array(Array, Array)
#9 /Users/DG/Documents/Etc/NCC/project-website/vendor/laravel/framework/src/Illuminate/Routing/ControllerDispatcher.php(45): Illuminate\Routing\Controller->callAction('run', Array)
#10 /Users/DG/Documents/Etc/NCC/project-website/vendor/laravel/framework/src/Illuminate/Routing/Route.php(212): Illuminate\Routing\ControllerDispatcher->dispatch(Object(Illuminate\Routing\Route), Object(Cms\Classes\CmsController), 'run')
#11 /Users/DG/Documents/Etc/NCC/project-website/vendor/laravel/framework/src/Illuminate/Routing/Route.php(169): Illuminate\Routing\Route->runController()
#12 /Users/DG/Documents/Etc/NCC/project-website/vendor/laravel/framework/src/Illuminate/Routing/Router.php(658): Illuminate\Routing\Route->run()
#13 /Users/DG/Documents/Etc/NCC/project-website/vendor/laravel/framework/src/Illuminate/Routing/Pipeline.php(30): Illuminate\Routing\Router->Illuminate\Routing\{closure}(Object(Illuminate\Http\Request))
#14 /Users/DG/Documents/Etc/NCC/project-website/vendor/laravel/framework/src/Illuminate/Routing/Middleware/SubstituteBindings.php(41): Illuminate\Routing\Pipeline->Illuminate\Routing\{closure}(Object(Illuminate\Http\Request))
#15 /Users/DG/Documents/Etc/NCC/project-website/vendor/laravel/framework/src/Illuminate/Pipeline/Pipeline.php(149): Illuminate\Routing\Middleware\SubstituteBindings->handle(Object(Illuminate\Http\Request), Object(Closure))
#16 /Users/DG/Documents/Etc/NCC/project-website/vendor/laravel/framework/src/Illuminate/Routing/Pipeline.php(53): Illuminate\Pipeline\Pipeline->Illuminate\Pipeline\{closure}(Object(Illuminate\Http\Request))
#17 /Users/DG/Documents/Etc/NCC/project-website/vendor/laravel/framework/src/Illuminate/View/Middleware/ShareErrorsFromSession.php(49): Illuminate\Routing\Pipeline->Illuminate\Routing\{closure}(Object(Illuminate\Http\Request))
#18 /Users/DG/Documents/Etc/NCC/project-website/vendor/laravel/framework/src/Illuminate/Pipeline/Pipeline.php(149): Illuminate\View\Middleware\ShareErrorsFromSession->handle(Object(Illuminate\Http\Request), Object(Closure))
#19 /Users/DG/Documents/Etc/NCC/project-website/vendor/laravel/framework/src/Illuminate/Routing/Pipeline.php(53): Illuminate\Pipeline\Pipeline->Illuminate\Pipeline\{closure}(Object(Illuminate\Http\Request))
#20 /Users/DG/Documents/Etc/NCC/project-website/vendor/laravel/framework/src/Illuminate/Session/Middleware/StartSession.php(63): Illuminate\Routing\Pipeline->Illuminate\Routing\{closure}(Object(Illuminate\Http\Request))
#21 /Users/DG/Documents/Etc/NCC/project-website/vendor/laravel/framework/src/Illuminate/Pipeline/Pipeline.php(149): Illuminate\Session\Middleware\StartSession->handle(Object(Illuminate\Http\Request), Object(Closure))
#22 /Users/DG/Documents/Etc/NCC/project-website/vendor/laravel/framework/src/Illuminate/Routing/Pipeline.php(53): Illuminate\Pipeline\Pipeline->Illuminate\Pipeline\{closure}(Object(Illuminate\Http\Request))
#23 /Users/DG/Documents/Etc/NCC/project-website/vendor/laravel/framework/src/Illuminate/Cookie/Middleware/AddQueuedCookiesToResponse.php(37): Illuminate\Routing\Pipeline->Illuminate\Routing\{closure}(Object(Illuminate\Http\Request))
#24 /Users/DG/Documents/Etc/NCC/project-website/vendor/laravel/framework/src/Illuminate/Pipeline/Pipeline.php(149): Illuminate\Cookie\Middleware\AddQueuedCookiesToResponse->handle(Object(Illuminate\Http\Request), Object(Closure))
#25 /Users/DG/Documents/Etc/NCC/project-website/vendor/laravel/framework/src/Illuminate/Routing/Pipeline.php(53): Illuminate\Pipeline\Pipeline->Illuminate\Pipeline\{closure}(Object(Illuminate\Http\Request))
#26 /Users/DG/Documents/Etc/NCC/project-website/vendor/laravel/framework/src/Illuminate/Cookie/Middleware/EncryptCookies.php(59): Illuminate\Routing\Pipeline->Illuminate\Routing\{closure}(Object(Illuminate\Http\Request))
#27 /Users/DG/Documents/Etc/NCC/project-website/vendor/laravel/framework/src/Illuminate/Pipeline/Pipeline.php(149): Illuminate\Cookie\Middleware\EncryptCookies->handle(Object(Illuminate\Http\Request), Object(Closure))
#28 /Users/DG/Documents/Etc/NCC/project-website/vendor/laravel/framework/src/Illuminate/Routing/Pipeline.php(53): Illuminate\Pipeline\Pipeline->Illuminate\Pipeline\{closure}(Object(Illuminate\Http\Request))
#29 /Users/DG/Documents/Etc/NCC/project-website/vendor/laravel/framework/src/Illuminate/Pipeline/Pipeline.php(102): Illuminate\Routing\Pipeline->Illuminate\Routing\{closure}(Object(Illuminate\Http\Request))
#30 /Users/DG/Documents/Etc/NCC/project-website/vendor/laravel/framework/src/Illuminate/Routing/Router.php(660): Illuminate\Pipeline\Pipeline->then(Object(Closure))
#31 /Users/DG/Documents/Etc/NCC/project-website/vendor/laravel/framework/src/Illuminate/Routing/Router.php(635): Illuminate\Routing\Router->runRouteWithinStack(Object(Illuminate\Routing\Route), Object(Illuminate\Http\Request))
#32 /Users/DG/Documents/Etc/NCC/project-website/vendor/laravel/framework/src/Illuminate/Routing/Router.php(601): Illuminate\Routing\Router->runRoute(Object(Illuminate\Http\Request), Object(Illuminate\Routing\Route))
#33 /Users/DG/Documents/Etc/NCC/project-website/vendor/october/rain/src/Router/CoreRouter.php(20): Illuminate\Routing\Router->dispatchToRoute(Object(Illuminate\Http\Request))
#34 /Users/DG/Documents/Etc/NCC/project-website/vendor/laravel/framework/src/Illuminate/Foundation/Http/Kernel.php(176): October\Rain\Router\CoreRouter->dispatch(Object(Illuminate\Http\Request))
#35 /Users/DG/Documents/Etc/NCC/project-website/vendor/laravel/framework/src/Illuminate/Routing/Pipeline.php(30): Illuminate\Foundation\Http\Kernel->Illuminate\Foundation\Http\{closure}(Object(Illuminate\Http\Request))
#36 /Users/DG/Documents/Etc/NCC/project-website/vendor/laravel/framework/src/Illuminate/Foundation/Http/Middleware/CheckForMaintenanceMode.php(46): Illuminate\Routing\Pipeline->Illuminate\Routing\{closure}(Object(Illuminate\Http\Request))
#37 /Users/DG/Documents/Etc/NCC/project-website/vendor/laravel/framework/src/Illuminate/Pipeline/Pipeline.php(149): Illuminate\Foundation\Http\Middleware\CheckForMaintenanceMode->handle(Object(Illuminate\Http\Request), Object(Closure))
#38 /Users/DG/Documents/Etc/NCC/project-website/vendor/laravel/framework/src/Illuminate/Routing/Pipeline.php(53): Illuminate\Pipeline\Pipeline->Illuminate\Pipeline\{closure}(Object(Illuminate\Http\Request))
#39 /Users/DG/Documents/Etc/NCC/project-website/vendor/laravel/framework/src/Illuminate/Pipeline/Pipeline.php(102): Illuminate\Routing\Pipeline->Illuminate\Routing\{closure}(Object(Illuminate\Http\Request))
#40 /Users/DG/Documents/Etc/NCC/project-website/vendor/laravel/framework/src/Illuminate/Foundation/Http/Kernel.php(151): Illuminate\Pipeline\Pipeline->then(Object(Closure))
#41 /Users/DG/Documents/Etc/NCC/project-website/vendor/laravel/framework/src/Illuminate/Foundation/Http/Kernel.php(116): Illuminate\Foundation\Http\Kernel->sendRequestThroughRouter(Object(Illuminate\Http\Request))
#42 /Users/DG/Documents/Etc/NCC/project-website/index.php(43): Illuminate\Foundation\Http\Kernel->handle(Object(Illuminate\Http\Request))
#43 {main}  
[2018-04-18 07:00:15] development.ERROR: Symfony\Component\Debug\Exception\FatalThrowableError: Parse error: syntax error, unexpected 'description' (T_STRING), expecting function (T_FUNCTION) or const (T_CONST) in /Users/DG/Documents/Etc/NCC/project-website/modules/cms/Classes/CodeParser.php(290) : eval()'d code:4
Stack trace:
#0 /Users/DG/Documents/Etc/NCC/project-website/modules/cms/Classes/CodeParser.php(151): Cms\Classes\CodeParser->validate('<?php \nclass Cm...')
#1 /Users/DG/Documents/Etc/NCC/project-website/modules/cms/Classes/CodeParser.php(111): Cms\Classes\CodeParser->rebuild('/Users/DG/Docum...')
#2 /Users/DG/Documents/Etc/NCC/project-website/modules/cms/Classes/CodeParser.php(169): Cms\Classes\CodeParser->parse()
#3 /Users/DG/Documents/Etc/NCC/project-website/modules/cms/Classes/Controller.php(528): Cms\Classes\CodeParser->source(Object(Cms\Classes\Page), Object(Cms\Classes\Layout), Object(Cms\Classes\Controller))
#4 /Users/DG/Documents/Etc/NCC/project-website/modules/cms/Classes/Controller.php(302): Cms\Classes\Controller->initCustomObjects()
#5 /Users/DG/Documents/Etc/NCC/project-website/modules/cms/Classes/Controller.php(213): Cms\Classes\Controller->runPage(Object(Cms\Classes\Page))
#6 /Users/DG/Documents/Etc/NCC/project-website/modules/cms/Classes/CmsController.php(50): Cms\Classes\Controller->run('/')
#7 [internal function]: Cms\Classes\CmsController->run('/')
#8 /Users/DG/Documents/Etc/NCC/project-website/vendor/laravel/framework/src/Illuminate/Routing/Controller.php(54): call_user_func_array(Array, Array)
#9 /Users/DG/Documents/Etc/NCC/project-website/vendor/laravel/framework/src/Illuminate/Routing/ControllerDispatcher.php(45): Illuminate\Routing\Controller->callAction('run', Array)
#10 /Users/DG/Documents/Etc/NCC/project-website/vendor/laravel/framework/src/Illuminate/Routing/Route.php(212): Illuminate\Routing\ControllerDispatcher->dispatch(Object(Illuminate\Routing\Route), Object(Cms\Classes\CmsController), 'run')
#11 /Users/DG/Documents/Etc/NCC/project-website/vendor/laravel/framework/src/Illuminate/Routing/Route.php(169): Illuminate\Routing\Route->runController()
#12 /Users/DG/Documents/Etc/NCC/project-website/vendor/laravel/framework/src/Illuminate/Routing/Router.php(658): Illuminate\Routing\Route->run()
#13 /Users/DG/Documents/Etc/NCC/project-website/vendor/laravel/framework/src/Illuminate/Routing/Pipeline.php(30): Illuminate\Routing\Router->Illuminate\Routing\{closure}(Object(Illuminate\Http\Request))
#14 /Users/DG/Documents/Etc/NCC/project-website/vendor/laravel/framework/src/Illuminate/Routing/Middleware/SubstituteBindings.php(41): Illuminate\Routing\Pipeline->Illuminate\Routing\{closure}(Object(Illuminate\Http\Request))
#15 /Users/DG/Documents/Etc/NCC/project-website/vendor/laravel/framework/src/Illuminate/Pipeline/Pipeline.php(149): Illuminate\Routing\Middleware\SubstituteBindings->handle(Object(Illuminate\Http\Request), Object(Closure))
#16 /Users/DG/Documents/Etc/NCC/project-website/vendor/laravel/framework/src/Illuminate/Routing/Pipeline.php(53): Illuminate\Pipeline\Pipeline->Illuminate\Pipeline\{closure}(Object(Illuminate\Http\Request))
#17 /Users/DG/Documents/Etc/NCC/project-website/vendor/laravel/framework/src/Illuminate/View/Middleware/ShareErrorsFromSession.php(49): Illuminate\Routing\Pipeline->Illuminate\Routing\{closure}(Object(Illuminate\Http\Request))
#18 /Users/DG/Documents/Etc/NCC/project-website/vendor/laravel/framework/src/Illuminate/Pipeline/Pipeline.php(149): Illuminate\View\Middleware\ShareErrorsFromSession->handle(Object(Illuminate\Http\Request), Object(Closure))
#19 /Users/DG/Documents/Etc/NCC/project-website/vendor/laravel/framework/src/Illuminate/Routing/Pipeline.php(53): Illuminate\Pipeline\Pipeline->Illuminate\Pipeline\{closure}(Object(Illuminate\Http\Request))
#20 /Users/DG/Documents/Etc/NCC/project-website/vendor/laravel/framework/src/Illuminate/Session/Middleware/StartSession.php(63): Illuminate\Routing\Pipeline->Illuminate\Routing\{closure}(Object(Illuminate\Http\Request))
#21 /Users/DG/Documents/Etc/NCC/project-website/vendor/laravel/framework/src/Illuminate/Pipeline/Pipeline.php(149): Illuminate\Session\Middleware\StartSession->handle(Object(Illuminate\Http\Request), Object(Closure))
#22 /Users/DG/Documents/Etc/NCC/project-website/vendor/laravel/framework/src/Illuminate/Routing/Pipeline.php(53): Illuminate\Pipeline\Pipeline->Illuminate\Pipeline\{closure}(Object(Illuminate\Http\Request))
#23 /Users/DG/Documents/Etc/NCC/project-website/vendor/laravel/framework/src/Illuminate/Cookie/Middleware/AddQueuedCookiesToResponse.php(37): Illuminate\Routing\Pipeline->Illuminate\Routing\{closure}(Object(Illuminate\Http\Request))
#24 /Users/DG/Documents/Etc/NCC/project-website/vendor/laravel/framework/src/Illuminate/Pipeline/Pipeline.php(149): Illuminate\Cookie\Middleware\AddQueuedCookiesToResponse->handle(Object(Illuminate\Http\Request), Object(Closure))
#25 /Users/DG/Documents/Etc/NCC/project-website/vendor/laravel/framework/src/Illuminate/Routing/Pipeline.php(53): Illuminate\Pipeline\Pipeline->Illuminate\Pipeline\{closure}(Object(Illuminate\Http\Request))
#26 /Users/DG/Documents/Etc/NCC/project-website/vendor/laravel/framework/src/Illuminate/Cookie/Middleware/EncryptCookies.php(59): Illuminate\Routing\Pipeline->Illuminate\Routing\{closure}(Object(Illuminate\Http\Request))
#27 /Users/DG/Documents/Etc/NCC/project-website/vendor/laravel/framework/src/Illuminate/Pipeline/Pipeline.php(149): Illuminate\Cookie\Middleware\EncryptCookies->handle(Object(Illuminate\Http\Request), Object(Closure))
#28 /Users/DG/Documents/Etc/NCC/project-website/vendor/laravel/framework/src/Illuminate/Routing/Pipeline.php(53): Illuminate\Pipeline\Pipeline->Illuminate\Pipeline\{closure}(Object(Illuminate\Http\Request))
#29 /Users/DG/Documents/Etc/NCC/project-website/vendor/laravel/framework/src/Illuminate/Pipeline/Pipeline.php(102): Illuminate\Routing\Pipeline->Illuminate\Routing\{closure}(Object(Illuminate\Http\Request))
#30 /Users/DG/Documents/Etc/NCC/project-website/vendor/laravel/framework/src/Illuminate/Routing/Router.php(660): Illuminate\Pipeline\Pipeline->then(Object(Closure))
#31 /Users/DG/Documents/Etc/NCC/project-website/vendor/laravel/framework/src/Illuminate/Routing/Router.php(635): Illuminate\Routing\Router->runRouteWithinStack(Object(Illuminate\Routing\Route), Object(Illuminate\Http\Request))
#32 /Users/DG/Documents/Etc/NCC/project-website/vendor/laravel/framework/src/Illuminate/Routing/Router.php(601): Illuminate\Routing\Router->runRoute(Object(Illuminate\Http\Request), Object(Illuminate\Routing\Route))
#33 /Users/DG/Documents/Etc/NCC/project-website/vendor/october/rain/src/Router/CoreRouter.php(20): Illuminate\Routing\Router->dispatchToRoute(Object(Illuminate\Http\Request))
#34 /Users/DG/Documents/Etc/NCC/project-website/vendor/laravel/framework/src/Illuminate/Foundation/Http/Kernel.php(176): October\Rain\Router\CoreRouter->dispatch(Object(Illuminate\Http\Request))
#35 /Users/DG/Documents/Etc/NCC/project-website/vendor/laravel/framework/src/Illuminate/Routing/Pipeline.php(30): Illuminate\Foundation\Http\Kernel->Illuminate\Foundation\Http\{closure}(Object(Illuminate\Http\Request))
#36 /Users/DG/Documents/Etc/NCC/project-website/vendor/laravel/framework/src/Illuminate/Foundation/Http/Middleware/CheckForMaintenanceMode.php(46): Illuminate\Routing\Pipeline->Illuminate\Routing\{closure}(Object(Illuminate\Http\Request))
#37 /Users/DG/Documents/Etc/NCC/project-website/vendor/laravel/framework/src/Illuminate/Pipeline/Pipeline.php(149): Illuminate\Foundation\Http\Middleware\CheckForMaintenanceMode->handle(Object(Illuminate\Http\Request), Object(Closure))
#38 /Users/DG/Documents/Etc/NCC/project-website/vendor/laravel/framework/src/Illuminate/Routing/Pipeline.php(53): Illuminate\Pipeline\Pipeline->Illuminate\Pipeline\{closure}(Object(Illuminate\Http\Request))
#39 /Users/DG/Documents/Etc/NCC/project-website/vendor/laravel/framework/src/Illuminate/Pipeline/Pipeline.php(102): Illuminate\Routing\Pipeline->Illuminate\Routing\{closure}(Object(Illuminate\Http\Request))
#40 /Users/DG/Documents/Etc/NCC/project-website/vendor/laravel/framework/src/Illuminate/Foundation/Http/Kernel.php(151): Illuminate\Pipeline\Pipeline->then(Object(Closure))
#41 /Users/DG/Documents/Etc/NCC/project-website/vendor/laravel/framework/src/Illuminate/Foundation/Http/Kernel.php(116): Illuminate\Foundation\Http\Kernel->sendRequestThroughRouter(Object(Illuminate\Http\Request))
#42 /Users/DG/Documents/Etc/NCC/project-website/index.php(43): Illuminate\Foundation\Http\Kernel->handle(Object(Illuminate\Http\Request))
#43 {main}  
[2018-04-18 08:13:15] development.ERROR: Symfony\Component\Debug\Exception\FatalErrorException: Cannot declare class Dgkim\DigitalResourcesDb\Components\ResourcesList, because the name is already in use in /Users/DG/Documents/Etc/NCC/project-website/plugins/dgkim/digitalresourcesdb/components/ResourceView.php:34
Stack trace:
#0 {main}  
